<?xml version="1.0" encoding="UTF-8"?>
<testsuite name="Academy Choucair" tests="1" skipped="0" failures="1" errors="0" timestamp="2021-10-14T03:45:35" hostname="DESKTOP-6AELDF7" time="62.938">
  <properties/>
  <testcase name="Search for a automation course" classname="Academy Choucair" time="62.938">
    <failure message="org.openqa.selenium.InvalidElementStateException: invalid element state&#10;  (Session info: chrome=94.0.4606.81)&#10;Build info: version: '3.141.59', revision: 'e82be7d358', time: '2018-11-14T08:17:03'&#10;System info: host: 'DESKTOP-6AELDF7', ip: '192.168.10.101', os.name: 'Windows 10', os.arch: 'amd64', os.version: '10.0', java.version: '1.8.0_60'&#10;Driver info: org.openqa.selenium.chrome.ChromeDriver&#10;Capabilities {acceptInsecureCerts: false, browserName: chrome, browserVersion: 94.0.4606.81, chrome: {chromedriverVersion: 93.0.4577.63 (ff5c0da2ec0ad..., userDataDir: C:\Users\DASNEY\AppData\Loc...}, goog:chromeOptions: {debuggerAddress: localhost:62759}, javascriptEnabled: true, networkConnectionEnabled: false, pageLoadStrategy: normal, platform: WINDOWS, platformName: WINDOWS, proxy: Proxy(), setWindowRect: true, strictFileInteractability: false, timeouts: {implicit: 0, pageLoad: 300000, script: 30000}, unhandledPromptBehavior: dismiss and notify, webauthn:extension:credBlob: true, webauthn:extension:largeBlob: true, webauthn:virtualAuthenticators: true}&#10;Session ID: 6f907aec7c2c1807071c88e414903e65" type="org.openqa.selenium.InvalidElementStateException">org.openqa.selenium.InvalidElementStateException: invalid element state
  (Session info: chrome=94.0.4606.81)
Build info: version: '3.141.59', revision: 'e82be7d358', time: '2018-11-14T08:17:03'
System info: host: 'DESKTOP-6AELDF7', ip: '192.168.10.101', os.name: 'Windows 10', os.arch: 'amd64', os.version: '10.0', java.version: '1.8.0_60'
Driver info: org.openqa.selenium.chrome.ChromeDriver
Capabilities {acceptInsecureCerts: false, browserName: chrome, browserVersion: 94.0.4606.81, chrome: {chromedriverVersion: 93.0.4577.63 (ff5c0da2ec0ad..., userDataDir: C:\Users\DASNEY\AppData\Loc...}, goog:chromeOptions: {debuggerAddress: localhost:62759}, javascriptEnabled: true, networkConnectionEnabled: false, pageLoadStrategy: normal, platform: WINDOWS, platformName: WINDOWS, proxy: Proxy(), setWindowRect: true, strictFileInteractability: false, timeouts: {implicit: 0, pageLoad: 300000, script: 30000}, unhandledPromptBehavior: dismiss and notify, webauthn:extension:credBlob: true, webauthn:extension:largeBlob: true, webauthn:virtualAuthenticators: true}
Session ID: 6f907aec7c2c1807071c88e414903e65
	at sun.reflect.NativeConstructorAccessorImpl.newInstance0(Native Method)
	at sun.reflect.NativeConstructorAccessorImpl.newInstance(NativeConstructorAccessorImpl.java:62)
	at sun.reflect.DelegatingConstructorAccessorImpl.newInstance(DelegatingConstructorAccessorImpl.java:45)
	at java.lang.reflect.Constructor.newInstance(Constructor.java:422)
	at org.openqa.selenium.remote.http.W3CHttpResponseCodec.createException(W3CHttpResponseCodec.java:187)
	at org.openqa.selenium.remote.http.W3CHttpResponseCodec.decode(W3CHttpResponseCodec.java:122)
	at org.openqa.selenium.remote.http.W3CHttpResponseCodec.decode(W3CHttpResponseCodec.java:49)
	at org.openqa.selenium.remote.HttpCommandExecutor.execute(HttpCommandExecutor.java:158)
	at org.openqa.selenium.remote.service.DriverCommandExecutor.execute(DriverCommandExecutor.java:83)
	at org.openqa.selenium.remote.RemoteWebDriver.execute(RemoteWebDriver.java:552)
	at org.openqa.selenium.remote.RemoteWebElement.execute(RemoteWebElement.java:285)
	at org.openqa.selenium.remote.RemoteWebElement.clear(RemoteWebElement.java:124)
	at net.serenitybdd.core.pages.WebElementFacadeImpl.clear(WebElementFacadeImpl.java:1263)
	at net.serenitybdd.core.pages.WebElementFacadeImpl.type(WebElementFacadeImpl.java:812)
	at net.serenitybdd.screenplay.actions.EnterValueIntoTarget.performAs(EnterValueIntoTarget.java:18)
	at net.serenitybdd.screenplay.actions.EnterValueIntoTarget$ByteBuddy$MzXLd4DY.performAs$accessor$t7QzQhlV(Unknown Source)
	at sun.reflect.NativeMethodAccessorImpl.invoke0(Native Method)
	at sun.reflect.NativeMethodAccessorImpl.invoke(NativeMethodAccessorImpl.java:62)
	at sun.reflect.DelegatingMethodAccessorImpl.invoke(DelegatingMethodAccessorImpl.java:43)
	at java.lang.reflect.Method.invoke(Method.java:497)
	at net.thucydides.core.steps.StepInterceptor.invokeMethod(StepInterceptor.java:471)
	at net.thucydides.core.steps.StepInterceptor.executeTestStepMethod(StepInterceptor.java:451)
	at net.thucydides.core.steps.StepInterceptor.runTestStep(StepInterceptor.java:424)
	at net.thucydides.core.steps.StepInterceptor.runOrSkipMethod(StepInterceptor.java:180)
	at net.thucydides.core.steps.StepInterceptor.testStepResult(StepInterceptor.java:167)
	at net.thucydides.core.steps.StepInterceptor.intercept(StepInterceptor.java:75)
	at net.serenitybdd.screenplay.actions.EnterValueIntoTarget$ByteBuddy$MzXLd4DY.performAs(Unknown Source)
	at net.serenitybdd.screenplay.Actor.performTask(Actor.java:233)
	at net.serenitybdd.screenplay.Actor.perform(Actor.java:214)
	at net.serenitybdd.screenplay.Actor.attemptsTo(Actor.java:171)
	at co.com.choucair.certification.proyectobase.tasks.Login.performAs(Login.java:19)
	at co.com.choucair.certification.proyectobase.tasks.Login$ByteBuddy$UinLZ635.performAs$accessor$ZH7MHAA5(Unknown Source)
	at sun.reflect.NativeMethodAccessorImpl.invoke0(Native Method)
	at sun.reflect.NativeMethodAccessorImpl.invoke(NativeMethodAccessorImpl.java:62)
	at sun.reflect.DelegatingMethodAccessorImpl.invoke(DelegatingMethodAccessorImpl.java:43)
	at java.lang.reflect.Method.invoke(Method.java:497)
	at net.thucydides.core.steps.StepInterceptor.invokeMethod(StepInterceptor.java:471)
	at net.thucydides.core.steps.StepInterceptor.executeTestStepMethod(StepInterceptor.java:451)
	at net.thucydides.core.steps.StepInterceptor.runTestStep(StepInterceptor.java:424)
	at net.thucydides.core.steps.StepInterceptor.runOrSkipMethod(StepInterceptor.java:180)
	at net.thucydides.core.steps.StepInterceptor.testStepResult(StepInterceptor.java:167)
	at net.thucydides.core.steps.StepInterceptor.intercept(StepInterceptor.java:75)
	at co.com.choucair.certification.proyectobase.tasks.Login$ByteBuddy$UinLZ635.performAs(Unknown Source)
	at net.serenitybdd.screenplay.Actor.performTask(Actor.java:233)
	at net.serenitybdd.screenplay.Actor.perform(Actor.java:214)
	at net.serenitybdd.screenplay.Actor.attemptsTo(Actor.java:171)
	at net.serenitybdd.screenplay.Actor.wasAbleTo(Actor.java:158)
	at co.com.choucair.certification.proyectobase.stepdefinitions.ChoucairAcademyStepDefinitions.thanBrandonWantsToLearnAutomationAtTheAcademyChoucair(ChoucairAcademyStepDefinitions.java:19)
	at ✽.than brandon wants to learn automation at the academy Choucair(src/test/resources/features/academyChoucair.feature:7)
</failure>
    <failure message="cucumber.runtime.junit.UndefinedThrowable: The step &quot;he finds the course called resources Recursos Automatización Bancolombia&quot; is undefined" type="cucumber.runtime.junit.UndefinedThrowable">cucumber.runtime.junit.UndefinedThrowable: The step &quot;he finds the course called resources Recursos Automatización Bancolombia&quot; is undefined
</failure>
  </testcase>
  <system-out><![CDATA[]]></system-out>
  <system-err><![CDATA[[Test worker] WARN net.thucydides.core.steps.BaseStepListener - stepStarted: net.thucydides.core.steps.ExecutedStepDescription@2e8d781a
[Test worker] WARN net.thucydides.core.steps.BaseStepListener - stepStarted: net.thucydides.core.steps.ExecutedStepDescription@62fdd5b8
[Test worker] WARN net.thucydides.core.steps.BaseStepListener - stepStarted: net.thucydides.core.steps.ExecutedStepDescription@702ec157
oct 13, 2021 10:45:39 PM org.openqa.selenium.remote.DesiredCapabilities chrome
INFORMACIÓN: Using `new ChromeOptions()` is preferred to `DesiredCapabilities.chrome()`
[Test worker] INFO net.serenitybdd.core.webdriver.driverproviders.ProvideNewDriver - Instantiating driver
[Test worker] INFO net.serenitybdd.core.webdriver.driverproviders.ProvideNewDriver - Driver capabilities: Capabilities {acceptInsecureCerts: false, browserName: chrome, chrome.switches: --start-maximized, goog:chromeOptions: {args: [--start-maximized], extensions: []}, loggingPrefs: org.openqa.selenium.logging..., platform: ANY, version: }
Starting ChromeDriver 93.0.4577.63 (ff5c0da2ec0adeaed5550e6c7e98417dac77d98a-refs/branch-heads/4577@{#1135}) on port 43899
Only local connections are allowed.
Please see https://chromedriver.chromium.org/security-considerations for suggestions on keeping ChromeDriver safe.
ChromeDriver was started successfully.
[1634183148.695][WARNING]: This version of ChromeDriver has not been tested with Chrome version 94.
oct 13, 2021 10:45:50 PM org.openqa.selenium.remote.ProtocolHandshake createSession
INFORMACIÓN: Detected dialect: W3C
[Test worker] WARN net.thucydides.core.steps.BaseStepListener - stepFinished: current outcome:Search for a automation course:Given than brandon wants to learn automation at the academy Choucair [Brandon open up [Brandon opens the Choucair academy page]]
[Test worker] WARN net.thucydides.core.steps.BaseStepListener - stepFinished: current outcome:Search for a automation course:Given than brandon wants to learn automation at the academy Choucair [Brandon open up [Brandon opens the Choucair academy page]]
[Test worker] WARN net.thucydides.core.steps.BaseStepListener - stepStarted: net.thucydides.core.steps.ExecutedStepDescription@ff1d1c2
[Test worker] WARN net.thucydides.core.steps.BaseStepListener - stepStarted: net.thucydides.core.steps.ExecutedStepDescription@13ab8ac5
[Test worker] WARN net.thucydides.core.steps.BaseStepListener - stepFinished: current outcome:Search for a automation course:Given than brandon wants to learn automation at the academy Choucair [Brandon open up [Brandon opens the Choucair academy page], Brandon login [Brandon clicks on Boton que Muestra el fomulario de Join Today]]
[Test worker] WARN net.thucydides.core.steps.BaseStepListener - stepStarted: net.thucydides.core.steps.ExecutedStepDescription@e6cd7
[Test worker] WARN net.thucydides.core.steps.BaseStepListener - stepFinished: current outcome:Search for a automation course:Given than brandon wants to learn automation at the academy Choucair [Brandon open up [Brandon opens the Choucair academy page], Brandon login [Brandon clicks on Boton que Muestra el fomulario de Join Today, Brandon enters 'JOSE DARIO' into Campo en donde se escribe el FirsName]]
[Test worker] WARN net.thucydides.core.steps.BaseStepListener - stepStarted: net.thucydides.core.steps.ExecutedStepDescription@2bad073b
[Test worker] WARN net.thucydides.core.steps.BaseStepListener - stepFinished: current outcome:Search for a automation course:Given than brandon wants to learn automation at the academy Choucair [Brandon open up [Brandon opens the Choucair academy page], Brandon login [Brandon clicks on Boton que Muestra el fomulario de Join Today, Brandon enters 'JOSE DARIO' into Campo en donde se escribe el FirsName, Brandon enters 'BEDOYA ORTIZ' into Campo en donde se escribe el LastName]]
[Test worker] WARN net.thucydides.core.steps.BaseStepListener - stepStarted: net.thucydides.core.steps.ExecutedStepDescription@1692ebe9
[Test worker] WARN net.thucydides.core.steps.BaseStepListener - stepFinished: current outcome:Search for a automation course:Given than brandon wants to learn automation at the academy Choucair [Brandon open up [Brandon opens the Choucair academy page], Brandon login [Brandon clicks on Boton que Muestra el fomulario de Join Today, Brandon enters 'JOSE DARIO' into Campo en donde se escribe el FirsName, Brandon enters 'BEDOYA ORTIZ' into Campo en donde se escribe el LastName, Brandon enters 'jdbedoyaortiz@gmail.com' into Campo en donde se escribe el Email]]
[Test worker] WARN net.thucydides.core.steps.BaseStepListener - stepStarted: net.thucydides.core.steps.ExecutedStepDescription@fa282f
[Test worker] WARN net.thucydides.core.steps.BaseStepListener - stepStarted: net.thucydides.core.steps.ExecutedStepDescription@a1257d9
[Test worker] WARN net.thucydides.core.steps.BaseStepListener - stepStarted: net.thucydides.core.steps.ExecutedStepDescription@6693b31c
[Test worker] INFO net.thucydides.core.steps.ConsoleLoggingListener - TEST PENDING
[Test worker] WARN net.thucydides.core.steps.BaseStepListener - testFinished: Search for a automation course:Given than brandon wants to learn automation at the academy Choucair [Brandon open up [Brandon opens the Choucair academy page], Brandon login [Brandon clicks on Boton que Muestra el fomulario de Join Today, Brandon enters 'JOSE DARIO' into Campo en donde se escribe el FirsName, Brandon enters 'BEDOYA ORTIZ' into Campo en donde se escribe el LastName, Brandon enters 'jdbedoyaortiz@gmail.com' into Campo en donde se escribe el Email, Brandon enters 'MARCH' into Mes de Nacimiento dropdown]], When he search for the course Recursos Automatización Bancolombia on the choucair academy platform, Then he finds the course called resources Recursos Automatización Bancolombia
[Test worker] WARN net.thucydides.core.steps.BaseStepListener - TestOutcomes: [Search for a automation course:Given than brandon wants to learn automation at the academy Choucair [Brandon open up [Brandon opens the Choucair academy page], Brandon login [Brandon clicks on Boton que Muestra el fomulario de Join Today, Brandon enters 'JOSE DARIO' into Campo en donde se escribe el FirsName, Brandon enters 'BEDOYA ORTIZ' into Campo en donde se escribe el LastName, Brandon enters 'jdbedoyaortiz@gmail.com' into Campo en donde se escribe el Email, Brandon enters 'MARCH' into Mes de Nacimiento dropdown]], When he search for the course Recursos Automatización Bancolombia on the choucair academy platform, Then he finds the course called resources Recursos Automatización Bancolombia]
[Test worker] WARN net.thucydides.core.steps.BaseStepListener - Final testOutcomes: [Search for a automation course:Given than brandon wants to learn automation at the academy Choucair [Brandon open up [Brandon opens the Choucair academy page], Brandon login [Brandon clicks on Boton que Muestra el fomulario de Join Today, Brandon enters 'JOSE DARIO' into Campo en donde se escribe el FirsName, Brandon enters 'BEDOYA ORTIZ' into Campo en donde se escribe el LastName, Brandon enters 'jdbedoyaortiz@gmail.com' into Campo en donde se escribe el Email, Brandon enters 'MARCH' into Mes de Nacimiento dropdown]], When he search for the course Recursos Automatización Bancolombia on the choucair academy platform, Then he finds the course called resources Recursos Automatización Bancolombia]
[Test worker] ERROR net.thucydides.core.steps.ConsoleLoggingListener - 
           __  _____ _____ ____ _____   _____ _    ___ _     _____ ____  
  _       / / |_   _| ____/ ___|_   _| |  ___/ \  |_ _| |   | ____|  _ \ 
 (_)_____| |    | | |  _| \___ \ | |   | |_ / _ \  | || |   |  _| | | | |
  _|_____| |    | | | |___ ___) || |   |  _/ ___ \ | || |___| |___| |_| |
 (_)     | |    |_| |_____|____/ |_|   |_|/_/   \_\___|_____|_____|____/ 
          \_\                                                            

TEST FAILED WITH ERROR: Search for a automation course
---------------------------------------------------------------------
[Test worker] ERROR net.thucydides.core.steps.ConsoleLoggingListener - TEST FAILED AT STEP Brandon enters 'MARCH' into Mes de Nacimiento dropdown
[Test worker] ERROR net.thucydides.core.steps.ConsoleLoggingListener - invalid element state
]]></system-err>
</testsuite>
